[0.026s] Invoking command in '/home/henrique/Ros2tb3_ws/build/turtlesim': CMAKE_PREFIX_PATH=/opt/ros/foxy /usr/bin/cmake /home/henrique/Ros2tb3_ws/src/ros_tutorials/turtlesim -DCMAKE_INSTALL_PREFIX=/home/henrique/Ros2tb3_ws/install/turtlesim
[2.023s] -- The C compiler identification is GNU 9.4.0
[2.928s] -- The CXX compiler identification is GNU 9.4.0
[3.007s] -- Check for working C compiler: /usr/bin/cc
[3.172s] -- Check for working C compiler: /usr/bin/cc -- works
[3.175s] -- Detecting C compiler ABI info
[3.314s] -- Detecting C compiler ABI info - done
[3.335s] -- Detecting C compile features
[3.353s] -- Detecting C compile features - done
[3.360s] -- Check for working CXX compiler: /usr/bin/c++
[3.471s] -- Check for working CXX compiler: /usr/bin/c++ -- works
[3.472s] -- Detecting CXX compiler ABI info
[3.592s] -- Detecting CXX compiler ABI info - done
[3.609s] -- Detecting CXX compile features
[3.610s] -- Detecting CXX compile features - done
[3.679s] -- Found ament_cmake: 0.9.9 (/opt/ros/foxy/share/ament_cmake/cmake)
[3.756s] -- Found PythonInterp: /usr/bin/python3 (found suitable version "3.8.10", minimum required is "3") 
[3.756s] -- Using PYTHON_EXECUTABLE: /usr/bin/python3
[4.243s] -- Found ament_index_cpp: 1.1.0 (/opt/ros/foxy/share/ament_index_cpp/cmake)
[4.279s] -- Found geometry_msgs: 2.0.5 (/opt/ros/foxy/share/geometry_msgs/cmake)
[4.872s] -- Using all available rosidl_typesupport_c: rosidl_typesupport_fastrtps_c;rosidl_typesupport_introspection_c
[5.008s] -- Found rosidl_adapter: 1.2.1 (/opt/ros/foxy/share/rosidl_adapter/cmake)
[5.471s] -- Found OpenSSL: /usr/lib/x86_64-linux-gnu/libcrypto.so (found version "1.1.1f")  
[5.517s] -- Found FastRTPS: /opt/ros/foxy/include  
[5.727s] -- Using all available rosidl_typesupport_cpp: rosidl_typesupport_fastrtps_cpp;rosidl_typesupport_introspection_cpp
[6.380s] -- Found rclcpp: 2.4.1 (/opt/ros/foxy/share/rclcpp/cmake)
[6.591s] -- Found rmw_implementation_cmake: 1.0.3 (/opt/ros/foxy/share/rmw_implementation_cmake/cmake)
[6.597s] -- Using RMW implementation 'rmw_fastrtps_cpp' as default
[6.600s] -- Looking for pthread.h
[6.922s] -- Looking for pthread.h - found
[6.922s] -- Performing Test CMAKE_HAVE_LIBC_PTHREAD
[7.075s] -- Performing Test CMAKE_HAVE_LIBC_PTHREAD - Failed
[7.076s] -- Looking for pthread_create in pthreads
[7.202s] -- Looking for pthread_create in pthreads - not found
[7.203s] -- Looking for pthread_create in pthread
[7.312s] -- Looking for pthread_create in pthread - found
[7.314s] -- Found Threads: TRUE  
[7.664s] -- Found rclcpp_action: 2.4.1 (/opt/ros/foxy/share/rclcpp_action/cmake)
[7.891s] -- Found rosidl_default_generators: 1.0.1 (/opt/ros/foxy/share/rosidl_default_generators/cmake)
[7.985s] -- Found std_srvs: 2.0.5 (/opt/ros/foxy/share/std_srvs/cmake)
[8.043s] -- Found PythonInterp: /usr/bin/python3 (found version "3.8.10") 
[8.332s] -- Found ament_cmake_ros: 0.9.2 (/opt/ros/foxy/share/ament_cmake_ros/cmake)
[8.525s] -- Using all available rosidl_typesupport_c: rosidl_typesupport_fastrtps_c;rosidl_typesupport_introspection_c
[8.564s] -- Using all available rosidl_typesupport_cpp: rosidl_typesupport_fastrtps_cpp;rosidl_typesupport_introspection_cpp
[8.602s] -- Found PythonInterp: /usr/bin/python3 (found suitable version "3.8.10", minimum required is "3.5") 
[8.619s] -- Found python_cmake_module: 0.8.1 (/opt/ros/foxy/share/python_cmake_module/cmake)
[8.732s] -- Found PythonLibs: /usr/lib/x86_64-linux-gnu/libpython3.8.so (found suitable version "3.8.10", minimum required is "3.5") 
[8.732s] -- Using PYTHON_EXECUTABLE: /usr/bin/python3
[8.732s] -- Using PYTHON_INCLUDE_DIRS: /usr/include/python3.8
[8.733s] -- Using PYTHON_LIBRARIES: /usr/lib/x86_64-linux-gnu/libpython3.8.so
[8.764s] -- Found PythonExtra: .so  
[8.934s] -- Configuring done
[9.206s] -- Generating done
[9.214s] -- Build files have been written to: /home/henrique/Ros2tb3_ws/build/turtlesim
[9.231s] Invoked command in '/home/henrique/Ros2tb3_ws/build/turtlesim' returned '0': CMAKE_PREFIX_PATH=/opt/ros/foxy /usr/bin/cmake /home/henrique/Ros2tb3_ws/src/ros_tutorials/turtlesim -DCMAKE_INSTALL_PREFIX=/home/henrique/Ros2tb3_ws/install/turtlesim
[9.236s] Invoking command in '/home/henrique/Ros2tb3_ws/build/turtlesim': CMAKE_PREFIX_PATH=/opt/ros/foxy /usr/bin/cmake --build /home/henrique/Ros2tb3_ws/build/turtlesim -- -j8 -l8
[9.297s] [35m[1mScanning dependencies of target turtlesim__cpp[0m
[9.301s] [  1%] [34m[1mGenerating C code for ROS interfaces[0m
[9.311s] [  2%] [34m[1mGenerating C++ code for ROS interfaces[0m
[10.931s] [  2%] Built target turtlesim__cpp
[10.951s] [  3%] [34m[1mGenerating C++ type support dispatch for ROS interfaces[0m
[10.959s] [  4%] [34m[1mGenerating C++ introspection for ROS interfaces[0m
[10.961s] [  5%] [34m[1mGenerating C++ type support for eProsima Fast-RTPS[0m
[11.008s] [35m[1mScanning dependencies of target turtlesim__rosidl_generator_c[0m
[11.117s] [  7%] [32mBuilding C object CMakeFiles/turtlesim__rosidl_generator_c.dir/rosidl_generator_c/turtlesim/msg/detail/color__functions.c.o[0m
[11.117s] [  7%] [32mBuilding C object CMakeFiles/turtlesim__rosidl_generator_c.dir/rosidl_generator_c/turtlesim/msg/detail/pose__functions.c.o[0m
[11.119s] [  8%] [32mBuilding C object CMakeFiles/turtlesim__rosidl_generator_c.dir/rosidl_generator_c/turtlesim/action/detail/rotate_absolute__functions.c.o[0m
[11.121s] [  9%] [32mBuilding C object CMakeFiles/turtlesim__rosidl_generator_c.dir/rosidl_generator_c/turtlesim/srv/detail/kill__functions.c.o[0m
[11.122s] [ 10%] [32mBuilding C object CMakeFiles/turtlesim__rosidl_generator_c.dir/rosidl_generator_c/turtlesim/srv/detail/set_pen__functions.c.o[0m
[11.275s] [ 12%] [32mBuilding C object CMakeFiles/turtlesim__rosidl_generator_c.dir/rosidl_generator_c/turtlesim/srv/detail/teleport_absolute__functions.c.o[0m
[11.275s] [ 12%] [32mBuilding C object CMakeFiles/turtlesim__rosidl_generator_c.dir/rosidl_generator_c/turtlesim/srv/detail/spawn__functions.c.o[0m
[11.287s] [ 13%] [32mBuilding C object CMakeFiles/turtlesim__rosidl_generator_c.dir/rosidl_generator_c/turtlesim/srv/detail/teleport_relative__functions.c.o[0m
[11.377s] [ 14%] [32m[1mLinking C shared library libturtlesim__rosidl_generator_c.so[0m
[11.529s] [ 14%] Built target turtlesim__rosidl_generator_c
[11.544s] [ 15%] [34m[1mGenerating C introspection for ROS interfaces[0m
[11.545s] [ 16%] [34m[1mGenerating C type support dispatch for ROS interfaces[0m
[11.750s] [35m[1mScanning dependencies of target turtlesim__rosidl_typesupport_cpp[0m
[11.945s] [ 17%] [32mBuilding CXX object CMakeFiles/turtlesim__rosidl_typesupport_cpp.dir/rosidl_typesupport_cpp/turtlesim/action/rotate_absolute__type_support.cpp.o[0m
[11.951s] [ 18%] [32mBuilding CXX object CMakeFiles/turtlesim__rosidl_typesupport_cpp.dir/rosidl_typesupport_cpp/turtlesim/msg/color__type_support.cpp.o[0m
[11.974s] [ 19%] [32mBuilding CXX object CMakeFiles/turtlesim__rosidl_typesupport_cpp.dir/rosidl_typesupport_cpp/turtlesim/msg/pose__type_support.cpp.o[0m
[11.985s] [ 20%] [32mBuilding CXX object CMakeFiles/turtlesim__rosidl_typesupport_cpp.dir/rosidl_typesupport_cpp/turtlesim/srv/kill__type_support.cpp.o[0m
[11.986s] [35m[1mScanning dependencies of target turtlesim__rosidl_typesupport_introspection_cpp[0m
[12.070s] [ 21%] [32mBuilding CXX object CMakeFiles/turtlesim__rosidl_typesupport_introspection_cpp.dir/rosidl_typesupport_introspection_cpp/turtlesim/action/detail/rotate_absolute__type_support.cpp.o[0m
[12.420s] [35m[1mScanning dependencies of target turtlesim__rosidl_typesupport_fastrtps_cpp[0m
[12.423s] [35m[1mScanning dependencies of target turtlesim__rosidl_typesupport_c[0m
[12.573s] [ 22%] [32mBuilding CXX object CMakeFiles/turtlesim__rosidl_typesupport_c.dir/rosidl_typesupport_c/turtlesim/action/rotate_absolute__type_support.cpp.o[0m
[12.729s] [35m[1mScanning dependencies of target turtlesim__rosidl_typesupport_introspection_c[0m
[12.747s] [ 23%] [32mBuilding CXX object CMakeFiles/turtlesim__rosidl_typesupport_fastrtps_cpp.dir/rosidl_typesupport_fastrtps_cpp/turtlesim/action/detail/dds_fastrtps/rotate_absolute__type_support.cpp.o[0m
[12.780s] [ 24%] [32mBuilding CXX object CMakeFiles/turtlesim__rosidl_typesupport_c.dir/rosidl_typesupport_c/turtlesim/msg/color__type_support.cpp.o[0m
[12.795s] [ 25%] [32mBuilding C object CMakeFiles/turtlesim__rosidl_typesupport_introspection_c.dir/rosidl_typesupport_introspection_c/turtlesim/action/detail/rotate_absolute__type_support.c.o[0m
[12.839s] [ 26%] [32mBuilding CXX object CMakeFiles/turtlesim__rosidl_typesupport_c.dir/rosidl_typesupport_c/turtlesim/msg/pose__type_support.cpp.o[0m
[12.895s] [ 27%] [32mBuilding C object CMakeFiles/turtlesim__rosidl_typesupport_introspection_c.dir/rosidl_typesupport_introspection_c/turtlesim/msg/detail/color__type_support.c.o[0m
[12.900s] [ 28%] [32mBuilding CXX object CMakeFiles/turtlesim__rosidl_typesupport_c.dir/rosidl_typesupport_c/turtlesim/srv/kill__type_support.cpp.o[0m
[12.964s] [ 29%] [32mBuilding C object CMakeFiles/turtlesim__rosidl_typesupport_introspection_c.dir/rosidl_typesupport_introspection_c/turtlesim/msg/detail/pose__type_support.c.o[0m
[12.971s] [ 30%] [32mBuilding CXX object CMakeFiles/turtlesim__rosidl_typesupport_c.dir/rosidl_typesupport_c/turtlesim/srv/set_pen__type_support.cpp.o[0m
[13.041s] [ 31%] [32mBuilding C object CMakeFiles/turtlesim__rosidl_typesupport_introspection_c.dir/rosidl_typesupport_introspection_c/turtlesim/srv/detail/kill__type_support.c.o[0m
[13.047s] [ 32%] [32mBuilding CXX object CMakeFiles/turtlesim__rosidl_typesupport_c.dir/rosidl_typesupport_c/turtlesim/srv/spawn__type_support.cpp.o[0m
[13.127s] [ 33%] [32mBuilding C object CMakeFiles/turtlesim__rosidl_typesupport_introspection_c.dir/rosidl_typesupport_introspection_c/turtlesim/srv/detail/set_pen__type_support.c.o[0m
[13.133s] [ 34%] [32mBuilding CXX object CMakeFiles/turtlesim__rosidl_typesupport_c.dir/rosidl_typesupport_c/turtlesim/srv/teleport_absolute__type_support.cpp.o[0m
[13.210s] [ 35%] [32mBuilding CXX object CMakeFiles/turtlesim__rosidl_typesupport_c.dir/rosidl_typesupport_c/turtlesim/srv/teleport_relative__type_support.cpp.o[0m
[13.212s] [ 36%] [32mBuilding C object CMakeFiles/turtlesim__rosidl_typesupport_introspection_c.dir/rosidl_typesupport_introspection_c/turtlesim/srv/detail/spawn__type_support.c.o[0m
[13.243s] [ 37%] [32mBuilding CXX object CMakeFiles/turtlesim__rosidl_typesupport_fastrtps_cpp.dir/rosidl_typesupport_fastrtps_cpp/turtlesim/msg/detail/dds_fastrtps/color__type_support.cpp.o[0m
[13.274s] [ 38%] [32mBuilding CXX object CMakeFiles/turtlesim__rosidl_typesupport_cpp.dir/rosidl_typesupport_cpp/turtlesim/srv/set_pen__type_support.cpp.o[0m
[13.279s] [ 39%] [32m[1mLinking CXX shared library libturtlesim__rosidl_typesupport_c.so[0m
[13.293s] [ 40%] [32mBuilding C object CMakeFiles/turtlesim__rosidl_typesupport_introspection_c.dir/rosidl_typesupport_introspection_c/turtlesim/srv/detail/teleport_absolute__type_support.c.o[0m
[13.295s] [ 41%] [32mBuilding CXX object CMakeFiles/turtlesim__rosidl_typesupport_cpp.dir/rosidl_typesupport_cpp/turtlesim/srv/spawn__type_support.cpp.o[0m
[13.370s] [ 42%] [32mBuilding C object CMakeFiles/turtlesim__rosidl_typesupport_introspection_c.dir/rosidl_typesupport_introspection_c/turtlesim/srv/detail/teleport_relative__type_support.c.o[0m
[13.381s] [ 42%] Built target turtlesim__rosidl_typesupport_c
[13.394s] [ 43%] [32mBuilding CXX object CMakeFiles/turtlesim__rosidl_typesupport_cpp.dir/rosidl_typesupport_cpp/turtlesim/srv/teleport_absolute__type_support.cpp.o[0m
[13.399s] [ 44%] [32mBuilding CXX object CMakeFiles/turtlesim__rosidl_typesupport_cpp.dir/rosidl_typesupport_cpp/turtlesim/srv/teleport_relative__type_support.cpp.o[0m
[13.440s] [ 45%] [32m[1mLinking C shared library libturtlesim__rosidl_typesupport_introspection_c.so[0m
[13.451s] [ 46%] [32mBuilding CXX object CMakeFiles/turtlesim__rosidl_typesupport_introspection_cpp.dir/rosidl_typesupport_introspection_cpp/turtlesim/msg/detail/color__type_support.cpp.o[0m
[13.500s] [ 46%] Built target turtlesim__rosidl_typesupport_introspection_c
[13.518s] [ 47%] [32mBuilding CXX object CMakeFiles/turtlesim__rosidl_typesupport_introspection_cpp.dir/rosidl_typesupport_introspection_cpp/turtlesim/msg/detail/pose__type_support.cpp.o[0m
[13.901s] [ 48%] [32mBuilding CXX object CMakeFiles/turtlesim__rosidl_typesupport_introspection_cpp.dir/rosidl_typesupport_introspection_cpp/turtlesim/srv/detail/kill__type_support.cpp.o[0m
[13.916s] [ 49%] [32mBuilding CXX object CMakeFiles/turtlesim__rosidl_typesupport_introspection_cpp.dir/rosidl_typesupport_introspection_cpp/turtlesim/srv/detail/set_pen__type_support.cpp.o[0m
[13.987s] [ 50%] [32mBuilding CXX object CMakeFiles/turtlesim__rosidl_typesupport_fastrtps_cpp.dir/rosidl_typesupport_fastrtps_cpp/turtlesim/msg/detail/dds_fastrtps/pose__type_support.cpp.o[0m
[14.023s] [ 51%] [32mBuilding CXX object CMakeFiles/turtlesim__rosidl_typesupport_fastrtps_cpp.dir/rosidl_typesupport_fastrtps_cpp/turtlesim/srv/detail/dds_fastrtps/kill__type_support.cpp.o[0m
[14.041s] [ 52%] [32m[1mLinking CXX shared library libturtlesim__rosidl_typesupport_cpp.so[0m
[14.095s] [ 53%] [32mBuilding CXX object CMakeFiles/turtlesim__rosidl_typesupport_introspection_cpp.dir/rosidl_typesupport_introspection_cpp/turtlesim/srv/detail/spawn__type_support.cpp.o[0m
[14.116s] [ 54%] [32mBuilding CXX object CMakeFiles/turtlesim__rosidl_typesupport_fastrtps_cpp.dir/rosidl_typesupport_fastrtps_cpp/turtlesim/srv/detail/dds_fastrtps/set_pen__type_support.cpp.o[0m
[14.129s] [ 54%] Built target turtlesim__rosidl_typesupport_cpp
[14.137s] [ 55%] [32mBuilding CXX object CMakeFiles/turtlesim__rosidl_typesupport_introspection_cpp.dir/rosidl_typesupport_introspection_cpp/turtlesim/srv/detail/teleport_absolute__type_support.cpp.o[0m
[14.149s] [ 56%] [32mBuilding CXX object CMakeFiles/turtlesim__rosidl_typesupport_introspection_cpp.dir/rosidl_typesupport_introspection_cpp/turtlesim/srv/detail/teleport_relative__type_support.cpp.o[0m
[14.575s] [ 57%] [32mBuilding CXX object CMakeFiles/turtlesim__rosidl_typesupport_fastrtps_cpp.dir/rosidl_typesupport_fastrtps_cpp/turtlesim/srv/detail/dds_fastrtps/teleport_absolute__type_support.cpp.o[0m
[14.576s] [ 58%] [32mBuilding CXX object CMakeFiles/turtlesim__rosidl_typesupport_fastrtps_cpp.dir/rosidl_typesupport_fastrtps_cpp/turtlesim/srv/detail/dds_fastrtps/spawn__type_support.cpp.o[0m
[14.710s] [ 59%] [32mBuilding CXX object CMakeFiles/turtlesim__rosidl_typesupport_fastrtps_cpp.dir/rosidl_typesupport_fastrtps_cpp/turtlesim/srv/detail/dds_fastrtps/teleport_relative__type_support.cpp.o[0m
[14.772s] [ 60%] [32m[1mLinking CXX shared library libturtlesim__rosidl_typesupport_introspection_cpp.so[0m
[14.976s] [ 60%] Built target turtlesim__rosidl_typesupport_introspection_cpp
[15.392s] [ 61%] [32m[1mLinking CXX shared library libturtlesim__rosidl_typesupport_fastrtps_cpp.so[0m
[15.633s] [ 61%] Built target turtlesim__rosidl_typesupport_fastrtps_cpp
[15.654s] [ 62%] [34m[1mGenerating C type support for eProsima Fast-RTPS[0m
[16.572s] [35m[1mScanning dependencies of target turtlesim__rosidl_typesupport_fastrtps_c[0m
[16.638s] [ 64%] [32mBuilding CXX object CMakeFiles/turtlesim__rosidl_typesupport_fastrtps_c.dir/rosidl_typesupport_fastrtps_c/turtlesim/srv/detail/teleport_absolute__type_support_c.cpp.o[0m
[16.638s] [ 64%] [32mBuilding CXX object CMakeFiles/turtlesim__rosidl_typesupport_fastrtps_c.dir/rosidl_typesupport_fastrtps_c/turtlesim/msg/detail/pose__type_support_c.cpp.o[0m
[16.638s] [ 65%] [32mBuilding CXX object CMakeFiles/turtlesim__rosidl_typesupport_fastrtps_c.dir/rosidl_typesupport_fastrtps_c/turtlesim/srv/detail/kill__type_support_c.cpp.o[0m
[16.642s] [ 66%] [32mBuilding CXX object CMakeFiles/turtlesim__rosidl_typesupport_fastrtps_c.dir/rosidl_typesupport_fastrtps_c/turtlesim/action/detail/rotate_absolute__type_support_c.cpp.o[0m
[16.644s] [ 67%] [32mBuilding CXX object CMakeFiles/turtlesim__rosidl_typesupport_fastrtps_c.dir/rosidl_typesupport_fastrtps_c/turtlesim/srv/detail/set_pen__type_support_c.cpp.o[0m
[16.645s] [ 68%] [32mBuilding CXX object CMakeFiles/turtlesim__rosidl_typesupport_fastrtps_c.dir/rosidl_typesupport_fastrtps_c/turtlesim/msg/detail/color__type_support_c.cpp.o[0m
[16.647s] [ 69%] [32mBuilding CXX object CMakeFiles/turtlesim__rosidl_typesupport_fastrtps_c.dir/rosidl_typesupport_fastrtps_c/turtlesim/srv/detail/spawn__type_support_c.cpp.o[0m
[16.654s] [ 70%] [32mBuilding CXX object CMakeFiles/turtlesim__rosidl_typesupport_fastrtps_c.dir/rosidl_typesupport_fastrtps_c/turtlesim/srv/detail/teleport_relative__type_support_c.cpp.o[0m
[17.463s] [ 71%] [32m[1mLinking CXX shared library libturtlesim__rosidl_typesupport_fastrtps_c.so[0m
[17.603s] [ 71%] Built target turtlesim__rosidl_typesupport_fastrtps_c
[17.624s] [35m[1mScanning dependencies of target turtlesim[0m
[17.646s] [ 71%] Built target turtlesim
[17.658s] [35m[1mScanning dependencies of target draw_square[0m
[17.666s] [35m[1mScanning dependencies of target turtle_teleop_key[0m
[17.667s] [35m[1mScanning dependencies of target turtlesim__py[0m
[17.668s] [35m[1mScanning dependencies of target mimic[0m
[17.668s] [ 72%] [34m[1mGenerating include/turtlesim/moc_turtle_frame.cpp[0m
[17.683s] [ 73%] [34m[1mGenerating Python code for ROS interfaces[0m
[19.274s] [35m[1mScanning dependencies of target turtlesim_node[0m
[19.715s] [ 74%] [32mBuilding CXX object CMakeFiles/mimic.dir/tutorials/mimic.cpp.o[0m
[19.718s] [ 75%] [32mBuilding CXX object CMakeFiles/draw_square.dir/tutorials/draw_square.cpp.o[0m
[19.720s] [ 76%] [32mBuilding CXX object CMakeFiles/turtle_teleop_key.dir/tutorials/teleop_turtle_key.cpp.o[0m
[20.243s] [ 77%] [32mBuilding CXX object CMakeFiles/turtlesim_node.dir/src/turtlesim.cpp.o[0m
[20.244s] [ 78%] [32mBuilding CXX object CMakeFiles/turtlesim_node.dir/include/turtlesim/moc_turtle_frame.cpp.o[0m
[20.245s] [ 80%] [32mBuilding CXX object CMakeFiles/turtlesim_node.dir/src/turtle_frame.cpp.o[0m
[20.245s] [ 80%] [32mBuilding CXX object CMakeFiles/turtlesim_node.dir/src/turtle.cpp.o[0m
[28.595s] [ 80%] Built target turtlesim__py
[28.841s] [35m[1mScanning dependencies of target turtlesim__python[0m
[29.379s] [ 81%] [32mBuilding C object CMakeFiles/turtlesim__python.dir/rosidl_generator_py/turtlesim/action/_rotate_absolute_s.c.o[0m
[29.383s] [ 82%] [32mBuilding C object CMakeFiles/turtlesim__python.dir/rosidl_generator_py/turtlesim/msg/_pose_s.c.o[0m
[29.383s] [ 83%] [32mBuilding C object CMakeFiles/turtlesim__python.dir/rosidl_generator_py/turtlesim/msg/_color_s.c.o[0m
[30.143s] [ 84%] [32mBuilding C object CMakeFiles/turtlesim__python.dir/rosidl_generator_py/turtlesim/srv/_kill_s.c.o[0m
[30.146s] [ 85%] [32mBuilding C object CMakeFiles/turtlesim__python.dir/rosidl_generator_py/turtlesim/srv/_set_pen_s.c.o[0m
[30.255s] [ 86%] [32mBuilding C object CMakeFiles/turtlesim__python.dir/rosidl_generator_py/turtlesim/srv/_spawn_s.c.o[0m
[30.377s] [ 87%] [32mBuilding C object CMakeFiles/turtlesim__python.dir/rosidl_generator_py/turtlesim/srv/_teleport_absolute_s.c.o[0m
[30.394s] [ 88%] [32mBuilding C object CMakeFiles/turtlesim__python.dir/rosidl_generator_py/turtlesim/srv/_teleport_relative_s.c.o[0m
[30.731s] [ 89%] [32m[1mLinking C shared library rosidl_generator_py/turtlesim/libturtlesim__python.so[0m
[31.219s] [ 89%] Built target turtlesim__python
[31.283s] [35m[1mScanning dependencies of target turtlesim__rosidl_typesupport_introspection_c__pyext[0m
[31.284s] [35m[1mScanning dependencies of target turtlesim__rosidl_typesupport_fastrtps_c__pyext[0m
[31.294s] [35m[1mScanning dependencies of target turtlesim__rosidl_typesupport_c__pyext[0m
[31.437s] [ 91%] [32mBuilding C object CMakeFiles/turtlesim__rosidl_typesupport_introspection_c__pyext.dir/rosidl_generator_py/turtlesim/_turtlesim_s.ep.rosidl_typesupport_introspection_c.c.o[0m
[31.437s] [ 91%] [32mBuilding C object CMakeFiles/turtlesim__rosidl_typesupport_fastrtps_c__pyext.dir/rosidl_generator_py/turtlesim/_turtlesim_s.ep.rosidl_typesupport_fastrtps_c.c.o[0m
[31.439s] [ 92%] [32mBuilding C object CMakeFiles/turtlesim__rosidl_typesupport_c__pyext.dir/rosidl_generator_py/turtlesim/_turtlesim_s.ep.rosidl_typesupport_c.c.o[0m
[31.906s] [ 93%] [32m[1mLinking C shared library rosidl_generator_py/turtlesim/turtlesim_s__rosidl_typesupport_introspection_c.cpython-38-x86_64-linux-gnu.so[0m
[31.908s] [ 94%] [32m[1mLinking CXX shared library rosidl_generator_py/turtlesim/turtlesim_s__rosidl_typesupport_fastrtps_c.cpython-38-x86_64-linux-gnu.so[0m
[31.953s] [ 95%] [32m[1mLinking C shared library rosidl_generator_py/turtlesim/turtlesim_s__rosidl_typesupport_c.cpython-38-x86_64-linux-gnu.so[0m
[32.088s] [ 95%] Built target turtlesim__rosidl_typesupport_c__pyext
[32.094s] [ 95%] Built target turtlesim__rosidl_typesupport_introspection_c__pyext
[32.109s] [ 96%] [32m[1mLinking CXX executable turtle_teleop_key[0m
[32.393s] [ 96%] Built target turtlesim__rosidl_typesupport_fastrtps_c__pyext
[33.335s] [ 97%] [32m[1mLinking CXX executable mimic[0m
[33.690s] [ 97%] Built target turtle_teleop_key
[33.970s] [ 97%] Built target mimic
[34.239s] [ 98%] [32m[1mLinking CXX executable draw_square[0m
[34.811s] [ 98%] Built target draw_square
[37.087s] [100%] [32m[1mLinking CXX executable turtlesim_node[0m
[39.894s] [100%] Built target turtlesim_node
[39.909s] Invoked command in '/home/henrique/Ros2tb3_ws/build/turtlesim' returned '0': CMAKE_PREFIX_PATH=/opt/ros/foxy /usr/bin/cmake --build /home/henrique/Ros2tb3_ws/build/turtlesim -- -j8 -l8
[40.188s] Invoking command in '/home/henrique/Ros2tb3_ws/build/turtlesim': CMAKE_PREFIX_PATH=/opt/ros/foxy /usr/bin/cmake --install /home/henrique/Ros2tb3_ws/build/turtlesim
[40.204s] -- Install configuration: ""
[40.204s] -- Installing: /home/henrique/Ros2tb3_ws/install/turtlesim/share/ament_index/resource_index/rosidl_interfaces/turtlesim
[40.211s] -- Installing: /home/henrique/Ros2tb3_ws/install/turtlesim/include/turtlesim
[40.212s] -- Installing: /home/henrique/Ros2tb3_ws/install/turtlesim/include/turtlesim/srv
[40.212s] -- Installing: /home/henrique/Ros2tb3_ws/install/turtlesim/include/turtlesim/srv/set_pen.h
[40.212s] -- Installing: /home/henrique/Ros2tb3_ws/install/turtlesim/include/turtlesim/srv/detail
[40.213s] -- Installing: /home/henrique/Ros2tb3_ws/install/turtlesim/include/turtlesim/srv/detail/teleport_relative__functions.h
[40.213s] -- Installing: /home/henrique/Ros2tb3_ws/install/turtlesim/include/turtlesim/srv/detail/teleport_absolute__type_support.h
[40.213s] -- Installing: /home/henrique/Ros2tb3_ws/install/turtlesim/include/turtlesim/srv/detail/teleport_absolute__functions.h
[40.214s] -- Installing: /home/henrique/Ros2tb3_ws/install/turtlesim/include/turtlesim/srv/detail/spawn__functions.h
[40.214s] -- Installing: /home/henrique/Ros2tb3_ws/install/turtlesim/include/turtlesim/srv/detail/spawn__struct.h
[40.214s] -- Installing: /home/henrique/Ros2tb3_ws/install/turtlesim/include/turtlesim/srv/detail/kill__type_support.h
[40.214s] -- Installing: /home/henrique/Ros2tb3_ws/install/turtlesim/include/turtlesim/srv/detail/set_pen__type_support.h
[40.215s] -- Installing: /home/henrique/Ros2tb3_ws/install/turtlesim/include/turtlesim/srv/detail/teleport_relative__functions.c
[40.215s] -- Installing: /home/henrique/Ros2tb3_ws/install/turtlesim/include/turtlesim/srv/detail/kill__struct.h
[40.215s] -- Installing: /home/henrique/Ros2tb3_ws/install/turtlesim/include/turtlesim/srv/detail/set_pen__functions.c
[40.216s] -- Installing: /home/henrique/Ros2tb3_ws/install/turtlesim/include/turtlesim/srv/detail/teleport_absolute__struct.h
[40.216s] -- Installing: /home/henrique/Ros2tb3_ws/install/turtlesim/include/turtlesim/srv/detail/kill__functions.h
[40.216s] -- Installing: /home/henrique/Ros2tb3_ws/install/turtlesim/include/turtlesim/srv/detail/spawn__functions.c
[40.216s] -- Installing: /home/henrique/Ros2tb3_ws/install/turtlesim/include/turtlesim/srv/detail/teleport_absolute__functions.c
[40.217s] -- Installing: /home/henrique/Ros2tb3_ws/install/turtlesim/include/turtlesim/srv/detail/spawn__type_support.h
[40.217s] -- Installing: /home/henrique/Ros2tb3_ws/install/turtlesim/include/turtlesim/srv/detail/set_pen__struct.h
[40.217s] -- Installing: /home/henrique/Ros2tb3_ws/install/turtlesim/include/turtlesim/srv/detail/kill__functions.c
[40.217s] -- Installing: /home/henrique/Ros2tb3_ws/install/turtlesim/include/turtlesim/srv/detail/set_pen__functions.h
[40.217s] -- Installing: /home/henrique/Ros2tb3_ws/install/turtlesim/include/turtlesim/srv/detail/teleport_relative__struct.h
[40.218s] -- Installing: /home/henrique/Ros2tb3_ws/install/turtlesim/include/turtlesim/srv/detail/teleport_relative__type_support.h
[40.218s] -- Installing: /home/henrique/Ros2tb3_ws/install/turtlesim/include/turtlesim/srv/teleport_relative.h
[40.218s] -- Installing: /home/henrique/Ros2tb3_ws/install/turtlesim/include/turtlesim/srv/spawn.h
[40.218s] -- Installing: /home/henrique/Ros2tb3_ws/install/turtlesim/include/turtlesim/srv/kill.h
[40.218s] -- Installing: /home/henrique/Ros2tb3_ws/install/turtlesim/include/turtlesim/srv/teleport_absolute.h
[40.219s] -- Installing: /home/henrique/Ros2tb3_ws/install/turtlesim/include/turtlesim/action
[40.219s] -- Installing: /home/henrique/Ros2tb3_ws/install/turtlesim/include/turtlesim/action/detail
[40.219s] -- Installing: /home/henrique/Ros2tb3_ws/install/turtlesim/include/turtlesim/action/detail/rotate_absolute__functions.c
[40.219s] -- Installing: /home/henrique/Ros2tb3_ws/install/turtlesim/include/turtlesim/action/detail/rotate_absolute__type_support.h
[40.219s] -- Installing: /home/henrique/Ros2tb3_ws/install/turtlesim/include/turtlesim/action/detail/rotate_absolute__struct.h
[40.220s] -- Installing: /home/henrique/Ros2tb3_ws/install/turtlesim/include/turtlesim/action/detail/rotate_absolute__functions.h
[40.220s] -- Installing: /home/henrique/Ros2tb3_ws/install/turtlesim/include/turtlesim/action/rotate_absolute.h
[40.220s] -- Installing: /home/henrique/Ros2tb3_ws/install/turtlesim/include/turtlesim/msg
[40.220s] -- Installing: /home/henrique/Ros2tb3_ws/install/turtlesim/include/turtlesim/msg/detail
[40.220s] -- Installing: /home/henrique/Ros2tb3_ws/install/turtlesim/include/turtlesim/msg/detail/pose__functions.h
[40.220s] -- Installing: /home/henrique/Ros2tb3_ws/install/turtlesim/include/turtlesim/msg/detail/color__type_support.h
[40.220s] -- Installing: /home/henrique/Ros2tb3_ws/install/turtlesim/include/turtlesim/msg/detail/color__struct.h
[40.221s] -- Installing: /home/henrique/Ros2tb3_ws/install/turtlesim/include/turtlesim/msg/detail/color__functions.h
[40.221s] -- Installing: /home/henrique/Ros2tb3_ws/install/turtlesim/include/turtlesim/msg/detail/pose__type_support.h
[40.221s] -- Installing: /home/henrique/Ros2tb3_ws/install/turtlesim/include/turtlesim/msg/detail/color__functions.c
[40.221s] -- Installing: /home/henrique/Ros2tb3_ws/install/turtlesim/include/turtlesim/msg/detail/pose__struct.h
[40.221s] -- Installing: /home/henrique/Ros2tb3_ws/install/turtlesim/include/turtlesim/msg/detail/pose__functions.c
[40.221s] -- Installing: /home/henrique/Ros2tb3_ws/install/turtlesim/include/turtlesim/msg/pose.h
[40.224s] -- Installing: /home/henrique/Ros2tb3_ws/install/turtlesim/include/turtlesim/msg/rosidl_generator_c__visibility_control.h
[40.224s] -- Installing: /home/henrique/Ros2tb3_ws/install/turtlesim/include/turtlesim/msg/color.h
[40.224s] -- Installing: /home/henrique/Ros2tb3_ws/install/turtlesim/share/turtlesim/environment/library_path.sh
[40.254s] -- Installing: /home/henrique/Ros2tb3_ws/install/turtlesim/share/turtlesim/environment/library_path.dsv
[40.282s] -- Installing: /home/henrique/Ros2tb3_ws/install/turtlesim/lib/libturtlesim__rosidl_generator_c.so
[40.283s] -- Set runtime path of "/home/henrique/Ros2tb3_ws/install/turtlesim/lib/libturtlesim__rosidl_generator_c.so" to ""
[40.284s] -- Up-to-date: /home/henrique/Ros2tb3_ws/install/turtlesim/include/turtlesim
[40.284s] -- Up-to-date: /home/henrique/Ros2tb3_ws/install/turtlesim/include/turtlesim/srv
[40.284s] -- Up-to-date: /home/henrique/Ros2tb3_ws/install/turtlesim/include/turtlesim/srv/detail
[40.285s] -- Installing: /home/henrique/Ros2tb3_ws/install/turtlesim/include/turtlesim/srv/detail/spawn__rosidl_typesupport_fastrtps_c.h
[40.285s] -- Installing: /home/henrique/Ros2tb3_ws/install/turtlesim/include/turtlesim/srv/detail/set_pen__rosidl_typesupport_fastrtps_c.h
[40.285s] -- Installing: /home/henrique/Ros2tb3_ws/install/turtlesim/include/turtlesim/srv/detail/kill__rosidl_typesupport_fastrtps_c.h
[40.285s] -- Installing: /home/henrique/Ros2tb3_ws/install/turtlesim/include/turtlesim/srv/detail/teleport_absolute__rosidl_typesupport_fastrtps_c.h
[40.286s] -- Installing: /home/henrique/Ros2tb3_ws/install/turtlesim/include/turtlesim/srv/detail/teleport_relative__rosidl_typesupport_fastrtps_c.h
[40.286s] -- Up-to-date: /home/henrique/Ros2tb3_ws/install/turtlesim/include/turtlesim/action
[40.286s] -- Up-to-date: /home/henrique/Ros2tb3_ws/install/turtlesim/include/turtlesim/action/detail
[40.286s] -- Installing: /home/henrique/Ros2tb3_ws/install/turtlesim/include/turtlesim/action/detail/rotate_absolute__rosidl_typesupport_fastrtps_c.h
[40.286s] -- Up-to-date: /home/henrique/Ros2tb3_ws/install/turtlesim/include/turtlesim/msg
[40.287s] -- Up-to-date: /home/henrique/Ros2tb3_ws/install/turtlesim/include/turtlesim/msg/detail
[40.287s] -- Installing: /home/henrique/Ros2tb3_ws/install/turtlesim/include/turtlesim/msg/detail/pose__rosidl_typesupport_fastrtps_c.h
[40.287s] -- Installing: /home/henrique/Ros2tb3_ws/install/turtlesim/include/turtlesim/msg/detail/color__rosidl_typesupport_fastrtps_c.h
[40.287s] -- Installing: /home/henrique/Ros2tb3_ws/install/turtlesim/include/turtlesim/msg/rosidl_typesupport_fastrtps_c__visibility_control.h
[40.287s] -- Installing: /home/henrique/Ros2tb3_ws/install/turtlesim/lib/libturtlesim__rosidl_typesupport_fastrtps_c.so
[40.305s] -- Set runtime path of "/home/henrique/Ros2tb3_ws/install/turtlesim/lib/libturtlesim__rosidl_typesupport_fastrtps_c.so" to ""
[40.306s] -- Up-to-date: /home/henrique/Ros2tb3_ws/install/turtlesim/include/turtlesim
[40.306s] -- Up-to-date: /home/henrique/Ros2tb3_ws/install/turtlesim/include/turtlesim/srv
[40.306s] -- Up-to-date: /home/henrique/Ros2tb3_ws/install/turtlesim/include/turtlesim/srv/detail
[40.306s] -- Installing: /home/henrique/Ros2tb3_ws/install/turtlesim/include/turtlesim/srv/detail/teleport_absolute__rosidl_typesupport_fastrtps_cpp.hpp
[40.307s] -- Installing: /home/henrique/Ros2tb3_ws/install/turtlesim/include/turtlesim/srv/detail/spawn__rosidl_typesupport_fastrtps_cpp.hpp
[40.307s] -- Installing: /home/henrique/Ros2tb3_ws/install/turtlesim/include/turtlesim/srv/detail/set_pen__rosidl_typesupport_fastrtps_cpp.hpp
[40.307s] -- Installing: /home/henrique/Ros2tb3_ws/install/turtlesim/include/turtlesim/srv/detail/teleport_relative__rosidl_typesupport_fastrtps_cpp.hpp
[40.307s] -- Installing: /home/henrique/Ros2tb3_ws/install/turtlesim/include/turtlesim/srv/detail/dds_fastrtps
[40.308s] -- Installing: /home/henrique/Ros2tb3_ws/install/turtlesim/include/turtlesim/srv/detail/kill__rosidl_typesupport_fastrtps_cpp.hpp
[40.308s] -- Up-to-date: /home/henrique/Ros2tb3_ws/install/turtlesim/include/turtlesim/action
[40.308s] -- Up-to-date: /home/henrique/Ros2tb3_ws/install/turtlesim/include/turtlesim/action/detail
[40.308s] -- Installing: /home/henrique/Ros2tb3_ws/install/turtlesim/include/turtlesim/action/detail/rotate_absolute__rosidl_typesupport_fastrtps_cpp.hpp
[40.309s] -- Installing: /home/henrique/Ros2tb3_ws/install/turtlesim/include/turtlesim/action/detail/dds_fastrtps
[40.309s] -- Up-to-date: /home/henrique/Ros2tb3_ws/install/turtlesim/include/turtlesim/msg
[40.309s] -- Up-to-date: /home/henrique/Ros2tb3_ws/install/turtlesim/include/turtlesim/msg/detail
[40.309s] -- Installing: /home/henrique/Ros2tb3_ws/install/turtlesim/include/turtlesim/msg/detail/pose__rosidl_typesupport_fastrtps_cpp.hpp
[40.309s] -- Installing: /home/henrique/Ros2tb3_ws/install/turtlesim/include/turtlesim/msg/detail/dds_fastrtps
[40.310s] -- Installing: /home/henrique/Ros2tb3_ws/install/turtlesim/include/turtlesim/msg/detail/color__rosidl_typesupport_fastrtps_cpp.hpp
[40.310s] -- Installing: /home/henrique/Ros2tb3_ws/install/turtlesim/include/turtlesim/msg/rosidl_typesupport_fastrtps_cpp__visibility_control.h
[40.310s] -- Installing: /home/henrique/Ros2tb3_ws/install/turtlesim/lib/libturtlesim__rosidl_typesupport_fastrtps_cpp.so
[40.322s] -- Set runtime path of "/home/henrique/Ros2tb3_ws/install/turtlesim/lib/libturtlesim__rosidl_typesupport_fastrtps_cpp.so" to ""
[40.323s] -- Up-to-date: /home/henrique/Ros2tb3_ws/install/turtlesim/include/turtlesim
[40.323s] -- Up-to-date: /home/henrique/Ros2tb3_ws/install/turtlesim/include/turtlesim/srv
[40.323s] -- Up-to-date: /home/henrique/Ros2tb3_ws/install/turtlesim/include/turtlesim/srv/detail
[40.323s] -- Installing: /home/henrique/Ros2tb3_ws/install/turtlesim/include/turtlesim/srv/detail/spawn__rosidl_typesupport_introspection_c.h
[40.323s] -- Installing: /home/henrique/Ros2tb3_ws/install/turtlesim/include/turtlesim/srv/detail/teleport_relative__rosidl_typesupport_introspection_c.h
[40.324s] -- Installing: /home/henrique/Ros2tb3_ws/install/turtlesim/include/turtlesim/srv/detail/set_pen__type_support.c
[40.324s] -- Installing: /home/henrique/Ros2tb3_ws/install/turtlesim/include/turtlesim/srv/detail/spawn__type_support.c
[40.324s] -- Installing: /home/henrique/Ros2tb3_ws/install/turtlesim/include/turtlesim/srv/detail/kill__rosidl_typesupport_introspection_c.h
[40.324s] -- Installing: /home/henrique/Ros2tb3_ws/install/turtlesim/include/turtlesim/srv/detail/teleport_relative__type_support.c
[40.324s] -- Installing: /home/henrique/Ros2tb3_ws/install/turtlesim/include/turtlesim/srv/detail/teleport_absolute__type_support.c
[40.325s] -- Installing: /home/henrique/Ros2tb3_ws/install/turtlesim/include/turtlesim/srv/detail/kill__type_support.c
[40.325s] -- Installing: /home/henrique/Ros2tb3_ws/install/turtlesim/include/turtlesim/srv/detail/teleport_absolute__rosidl_typesupport_introspection_c.h
[40.325s] -- Installing: /home/henrique/Ros2tb3_ws/install/turtlesim/include/turtlesim/srv/detail/set_pen__rosidl_typesupport_introspection_c.h
[40.325s] -- Up-to-date: /home/henrique/Ros2tb3_ws/install/turtlesim/include/turtlesim/action
[40.326s] -- Up-to-date: /home/henrique/Ros2tb3_ws/install/turtlesim/include/turtlesim/action/detail
[40.326s] -- Installing: /home/henrique/Ros2tb3_ws/install/turtlesim/include/turtlesim/action/detail/rotate_absolute__type_support.c
[40.326s] -- Installing: /home/henrique/Ros2tb3_ws/install/turtlesim/include/turtlesim/action/detail/rotate_absolute__rosidl_typesupport_introspection_c.h
[40.326s] -- Up-to-date: /home/henrique/Ros2tb3_ws/install/turtlesim/include/turtlesim/msg
[40.327s] -- Up-to-date: /home/henrique/Ros2tb3_ws/install/turtlesim/include/turtlesim/msg/detail
[40.327s] -- Installing: /home/henrique/Ros2tb3_ws/install/turtlesim/include/turtlesim/msg/detail/pose__rosidl_typesupport_introspection_c.h
[40.327s] -- Installing: /home/henrique/Ros2tb3_ws/install/turtlesim/include/turtlesim/msg/detail/color__rosidl_typesupport_introspection_c.h
[40.327s] -- Installing: /home/henrique/Ros2tb3_ws/install/turtlesim/include/turtlesim/msg/detail/pose__type_support.c
[40.327s] -- Installing: /home/henrique/Ros2tb3_ws/install/turtlesim/include/turtlesim/msg/detail/color__type_support.c
[40.328s] -- Installing: /home/henrique/Ros2tb3_ws/install/turtlesim/include/turtlesim/msg/rosidl_typesupport_introspection_c__visibility_control.h
[40.328s] -- Installing: /home/henrique/Ros2tb3_ws/install/turtlesim/lib/libturtlesim__rosidl_typesupport_introspection_c.so
[40.343s] -- Set runtime path of "/home/henrique/Ros2tb3_ws/install/turtlesim/lib/libturtlesim__rosidl_typesupport_introspection_c.so" to ""
[40.343s] -- Installing: /home/henrique/Ros2tb3_ws/install/turtlesim/lib/libturtlesim__rosidl_typesupport_c.so
[40.344s] -- Set runtime path of "/home/henrique/Ros2tb3_ws/install/turtlesim/lib/libturtlesim__rosidl_typesupport_c.so" to ""
[40.344s] -- Up-to-date: /home/henrique/Ros2tb3_ws/install/turtlesim/include/turtlesim
[40.345s] -- Up-to-date: /home/henrique/Ros2tb3_ws/install/turtlesim/include/turtlesim/srv
[40.345s] -- Up-to-date: /home/henrique/Ros2tb3_ws/install/turtlesim/include/turtlesim/srv/detail
[40.345s] -- Installing: /home/henrique/Ros2tb3_ws/install/turtlesim/include/turtlesim/srv/detail/spawn__traits.hpp
[40.345s] -- Installing: /home/henrique/Ros2tb3_ws/install/turtlesim/include/turtlesim/srv/detail/set_pen__struct.hpp
[40.346s] -- Installing: /home/henrique/Ros2tb3_ws/install/turtlesim/include/turtlesim/srv/detail/set_pen__builder.hpp
[40.346s] -- Installing: /home/henrique/Ros2tb3_ws/install/turtlesim/include/turtlesim/srv/detail/kill__struct.hpp
[40.346s] -- Installing: /home/henrique/Ros2tb3_ws/install/turtlesim/include/turtlesim/srv/detail/kill__builder.hpp
[40.346s] -- Installing: /home/henrique/Ros2tb3_ws/install/turtlesim/include/turtlesim/srv/detail/teleport_absolute__builder.hpp
[40.347s] -- Installing: /home/henrique/Ros2tb3_ws/install/turtlesim/include/turtlesim/srv/detail/spawn__struct.hpp
[40.347s] -- Installing: /home/henrique/Ros2tb3_ws/install/turtlesim/include/turtlesim/srv/detail/teleport_absolute__struct.hpp
[40.347s] -- Installing: /home/henrique/Ros2tb3_ws/install/turtlesim/include/turtlesim/srv/detail/spawn__builder.hpp
[40.347s] -- Installing: /home/henrique/Ros2tb3_ws/install/turtlesim/include/turtlesim/srv/detail/teleport_relative__traits.hpp
[40.347s] -- Installing: /home/henrique/Ros2tb3_ws/install/turtlesim/include/turtlesim/srv/detail/kill__traits.hpp
[40.348s] -- Installing: /home/henrique/Ros2tb3_ws/install/turtlesim/include/turtlesim/srv/detail/teleport_relative__builder.hpp
[40.348s] -- Installing: /home/henrique/Ros2tb3_ws/install/turtlesim/include/turtlesim/srv/detail/set_pen__traits.hpp
[40.348s] -- Installing: /home/henrique/Ros2tb3_ws/install/turtlesim/include/turtlesim/srv/detail/teleport_relative__struct.hpp
[40.348s] -- Installing: /home/henrique/Ros2tb3_ws/install/turtlesim/include/turtlesim/srv/detail/teleport_absolute__traits.hpp
[40.348s] -- Installing: /home/henrique/Ros2tb3_ws/install/turtlesim/include/turtlesim/srv/spawn.hpp
[40.349s] -- Installing: /home/henrique/Ros2tb3_ws/install/turtlesim/include/turtlesim/srv/set_pen.hpp
[40.349s] -- Installing: /home/henrique/Ros2tb3_ws/install/turtlesim/include/turtlesim/srv/teleport_relative.hpp
[40.349s] -- Installing: /home/henrique/Ros2tb3_ws/install/turtlesim/include/turtlesim/srv/teleport_absolute.hpp
[40.349s] -- Installing: /home/henrique/Ros2tb3_ws/install/turtlesim/include/turtlesim/srv/kill.hpp
[40.349s] -- Up-to-date: /home/henrique/Ros2tb3_ws/install/turtlesim/include/turtlesim/action
[40.350s] -- Up-to-date: /home/henrique/Ros2tb3_ws/install/turtlesim/include/turtlesim/action/detail
[40.350s] -- Installing: /home/henrique/Ros2tb3_ws/install/turtlesim/include/turtlesim/action/detail/rotate_absolute__struct.hpp
[40.350s] -- Installing: /home/henrique/Ros2tb3_ws/install/turtlesim/include/turtlesim/action/detail/rotate_absolute__traits.hpp
[40.350s] -- Installing: /home/henrique/Ros2tb3_ws/install/turtlesim/include/turtlesim/action/detail/rotate_absolute__builder.hpp
[40.350s] -- Installing: /home/henrique/Ros2tb3_ws/install/turtlesim/include/turtlesim/action/rotate_absolute.hpp
[40.351s] -- Up-to-date: /home/henrique/Ros2tb3_ws/install/turtlesim/include/turtlesim/msg
[40.351s] -- Up-to-date: /home/henrique/Ros2tb3_ws/install/turtlesim/include/turtlesim/msg/detail
[40.352s] -- Installing: /home/henrique/Ros2tb3_ws/install/turtlesim/include/turtlesim/msg/detail/color__builder.hpp
[40.352s] -- Installing: /home/henrique/Ros2tb3_ws/install/turtlesim/include/turtlesim/msg/detail/pose__builder.hpp
[40.352s] -- Installing: /home/henrique/Ros2tb3_ws/install/turtlesim/include/turtlesim/msg/detail/color__traits.hpp
[40.352s] -- Installing: /home/henrique/Ros2tb3_ws/install/turtlesim/include/turtlesim/msg/detail/pose__struct.hpp
[40.353s] -- Installing: /home/henrique/Ros2tb3_ws/install/turtlesim/include/turtlesim/msg/detail/pose__traits.hpp
[40.353s] -- Installing: /home/henrique/Ros2tb3_ws/install/turtlesim/include/turtlesim/msg/detail/color__struct.hpp
[40.353s] -- Installing: /home/henrique/Ros2tb3_ws/install/turtlesim/include/turtlesim/msg/pose.hpp
[40.353s] -- Installing: /home/henrique/Ros2tb3_ws/install/turtlesim/include/turtlesim/msg/color.hpp
[40.353s] -- Up-to-date: /home/henrique/Ros2tb3_ws/install/turtlesim/include/turtlesim
[40.353s] -- Up-to-date: /home/henrique/Ros2tb3_ws/install/turtlesim/include/turtlesim/srv
[40.353s] -- Up-to-date: /home/henrique/Ros2tb3_ws/install/turtlesim/include/turtlesim/srv/detail
[40.354s] -- Installing: /home/henrique/Ros2tb3_ws/install/turtlesim/include/turtlesim/srv/detail/teleport_relative__rosidl_typesupport_introspection_cpp.hpp
[40.362s] -- Installing: /home/henrique/Ros2tb3_ws/install/turtlesim/include/turtlesim/srv/detail/spawn__type_support.cpp
[40.363s] -- Installing: /home/henrique/Ros2tb3_ws/install/turtlesim/include/turtlesim/srv/detail/set_pen__type_support.cpp
[40.363s] -- Installing: /home/henrique/Ros2tb3_ws/install/turtlesim/include/turtlesim/srv/detail/teleport_relative__type_support.cpp
[40.363s] -- Installing: /home/henrique/Ros2tb3_ws/install/turtlesim/include/turtlesim/srv/detail/set_pen__rosidl_typesupport_introspection_cpp.hpp
[40.364s] -- Installing: /home/henrique/Ros2tb3_ws/install/turtlesim/include/turtlesim/srv/detail/kill__type_support.cpp
[40.364s] -- Installing: /home/henrique/Ros2tb3_ws/install/turtlesim/include/turtlesim/srv/detail/spawn__rosidl_typesupport_introspection_cpp.hpp
[40.374s] -- Installing: /home/henrique/Ros2tb3_ws/install/turtlesim/include/turtlesim/srv/detail/teleport_absolute__rosidl_typesupport_introspection_cpp.hpp
[40.374s] -- Installing: /home/henrique/Ros2tb3_ws/install/turtlesim/include/turtlesim/srv/detail/kill__rosidl_typesupport_introspection_cpp.hpp
[40.385s] -- Installing: /home/henrique/Ros2tb3_ws/install/turtlesim/include/turtlesim/srv/detail/teleport_absolute__type_support.cpp
[40.385s] -- Up-to-date: /home/henrique/Ros2tb3_ws/install/turtlesim/include/turtlesim/action
[40.385s] -- Up-to-date: /home/henrique/Ros2tb3_ws/install/turtlesim/include/turtlesim/action/detail
[40.386s] -- Installing: /home/henrique/Ros2tb3_ws/install/turtlesim/include/turtlesim/action/detail/rotate_absolute__type_support.cpp
[40.386s] -- Installing: /home/henrique/Ros2tb3_ws/install/turtlesim/include/turtlesim/action/detail/rotate_absolute__rosidl_typesupport_introspection_cpp.hpp
[40.399s] -- Up-to-date: /home/henrique/Ros2tb3_ws/install/turtlesim/include/turtlesim/msg
[40.399s] -- Up-to-date: /home/henrique/Ros2tb3_ws/install/turtlesim/include/turtlesim/msg/detail
[40.399s] -- Installing: /home/henrique/Ros2tb3_ws/install/turtlesim/include/turtlesim/msg/detail/pose__type_support.cpp
[40.400s] -- Installing: /home/henrique/Ros2tb3_ws/install/turtlesim/include/turtlesim/msg/detail/pose__rosidl_typesupport_introspection_cpp.hpp
[40.418s] -- Installing: /home/henrique/Ros2tb3_ws/install/turtlesim/include/turtlesim/msg/detail/color__type_support.cpp
[40.418s] -- Installing: /home/henrique/Ros2tb3_ws/install/turtlesim/include/turtlesim/msg/detail/color__rosidl_typesupport_introspection_cpp.hpp
[40.440s] -- Installing: /home/henrique/Ros2tb3_ws/install/turtlesim/lib/libturtlesim__rosidl_typesupport_introspection_cpp.so
[40.465s] -- Set runtime path of "/home/henrique/Ros2tb3_ws/install/turtlesim/lib/libturtlesim__rosidl_typesupport_introspection_cpp.so" to ""
[40.465s] -- Installing: /home/henrique/Ros2tb3_ws/install/turtlesim/lib/libturtlesim__rosidl_typesupport_cpp.so
[40.467s] -- Set runtime path of "/home/henrique/Ros2tb3_ws/install/turtlesim/lib/libturtlesim__rosidl_typesupport_cpp.so" to ""
[40.467s] -- Installing: /home/henrique/Ros2tb3_ws/install/turtlesim/share/turtlesim/environment/pythonpath.sh
[40.481s] -- Installing: /home/henrique/Ros2tb3_ws/install/turtlesim/share/turtlesim/environment/pythonpath.dsv
[40.482s] -- Installing: /home/henrique/Ros2tb3_ws/install/turtlesim/lib/python3.8/site-packages/turtlesim/__init__.py
[41.062s] Compiling '/home/henrique/Ros2tb3_ws/install/turtlesim/lib/python3.8/site-packages/turtlesim/__init__.py'...
[41.070s] -- Installing: /home/henrique/Ros2tb3_ws/install/turtlesim/lib/python3.8/site-packages/turtlesim/action
[41.070s] -- Installing: /home/henrique/Ros2tb3_ws/install/turtlesim/lib/python3.8/site-packages/turtlesim/action/_rotate_absolute_s.c
[41.070s] -- Installing: /home/henrique/Ros2tb3_ws/install/turtlesim/lib/python3.8/site-packages/turtlesim/action/_rotate_absolute.py
[41.096s] -- Installing: /home/henrique/Ros2tb3_ws/install/turtlesim/lib/python3.8/site-packages/turtlesim/action/__init__.py
[41.097s] -- Installing: /home/henrique/Ros2tb3_ws/install/turtlesim/lib/python3.8/site-packages/turtlesim/msg
[41.097s] -- Installing: /home/henrique/Ros2tb3_ws/install/turtlesim/lib/python3.8/site-packages/turtlesim/msg/_pose.py
[41.097s] -- Installing: /home/henrique/Ros2tb3_ws/install/turtlesim/lib/python3.8/site-packages/turtlesim/msg/_color.py
[41.098s] -- Installing: /home/henrique/Ros2tb3_ws/install/turtlesim/lib/python3.8/site-packages/turtlesim/msg/_color_s.c
[41.098s] -- Installing: /home/henrique/Ros2tb3_ws/install/turtlesim/lib/python3.8/site-packages/turtlesim/msg/_pose_s.c
[41.099s] -- Installing: /home/henrique/Ros2tb3_ws/install/turtlesim/lib/python3.8/site-packages/turtlesim/msg/__init__.py
[41.100s] -- Installing: /home/henrique/Ros2tb3_ws/install/turtlesim/lib/python3.8/site-packages/turtlesim/srv
[41.100s] -- Installing: /home/henrique/Ros2tb3_ws/install/turtlesim/lib/python3.8/site-packages/turtlesim/srv/_spawn.py
[41.100s] -- Installing: /home/henrique/Ros2tb3_ws/install/turtlesim/lib/python3.8/site-packages/turtlesim/srv/_kill_s.c
[41.101s] -- Installing: /home/henrique/Ros2tb3_ws/install/turtlesim/lib/python3.8/site-packages/turtlesim/srv/_kill.py
[41.102s] -- Installing: /home/henrique/Ros2tb3_ws/install/turtlesim/lib/python3.8/site-packages/turtlesim/srv/_teleport_absolute_s.c
[41.102s] -- Installing: /home/henrique/Ros2tb3_ws/install/turtlesim/lib/python3.8/site-packages/turtlesim/srv/_teleport_relative.py
[41.102s] -- Installing: /home/henrique/Ros2tb3_ws/install/turtlesim/lib/python3.8/site-packages/turtlesim/srv/_teleport_absolute.py
[41.103s] -- Installing: /home/henrique/Ros2tb3_ws/install/turtlesim/lib/python3.8/site-packages/turtlesim/srv/_spawn_s.c
[41.103s] -- Installing: /home/henrique/Ros2tb3_ws/install/turtlesim/lib/python3.8/site-packages/turtlesim/srv/__init__.py
[41.103s] -- Installing: /home/henrique/Ros2tb3_ws/install/turtlesim/lib/python3.8/site-packages/turtlesim/srv/_teleport_relative_s.c
[41.104s] -- Installing: /home/henrique/Ros2tb3_ws/install/turtlesim/lib/python3.8/site-packages/turtlesim/srv/_set_pen_s.c
[41.104s] -- Installing: /home/henrique/Ros2tb3_ws/install/turtlesim/lib/python3.8/site-packages/turtlesim/srv/_set_pen.py
[41.105s] -- Installing: /home/henrique/Ros2tb3_ws/install/turtlesim/lib/python3.8/site-packages/turtlesim/turtlesim_s__rosidl_typesupport_fastrtps_c.cpython-38-x86_64-linux-gnu.so
[41.106s] -- Set runtime path of "/home/henrique/Ros2tb3_ws/install/turtlesim/lib/python3.8/site-packages/turtlesim/turtlesim_s__rosidl_typesupport_fastrtps_c.cpython-38-x86_64-linux-gnu.so" to ""
[41.107s] -- Installing: /home/henrique/Ros2tb3_ws/install/turtlesim/lib/python3.8/site-packages/turtlesim/turtlesim_s__rosidl_typesupport_introspection_c.cpython-38-x86_64-linux-gnu.so
[41.108s] -- Set runtime path of "/home/henrique/Ros2tb3_ws/install/turtlesim/lib/python3.8/site-packages/turtlesim/turtlesim_s__rosidl_typesupport_introspection_c.cpython-38-x86_64-linux-gnu.so" to ""
[41.108s] -- Installing: /home/henrique/Ros2tb3_ws/install/turtlesim/lib/python3.8/site-packages/turtlesim/turtlesim_s__rosidl_typesupport_c.cpython-38-x86_64-linux-gnu.so
[41.110s] -- Set runtime path of "/home/henrique/Ros2tb3_ws/install/turtlesim/lib/python3.8/site-packages/turtlesim/turtlesim_s__rosidl_typesupport_c.cpython-38-x86_64-linux-gnu.so" to ""
[41.110s] -- Installing: /home/henrique/Ros2tb3_ws/install/turtlesim/lib/libturtlesim__python.so
[41.111s] -- Set runtime path of "/home/henrique/Ros2tb3_ws/install/turtlesim/lib/libturtlesim__python.so" to ""
[41.111s] -- Installing: /home/henrique/Ros2tb3_ws/install/turtlesim/share/turtlesim/action/RotateAbsolute.idl
[41.111s] -- Installing: /home/henrique/Ros2tb3_ws/install/turtlesim/share/turtlesim/msg/Color.idl
[41.112s] -- Installing: /home/henrique/Ros2tb3_ws/install/turtlesim/share/turtlesim/msg/Pose.idl
[41.112s] -- Installing: /home/henrique/Ros2tb3_ws/install/turtlesim/share/turtlesim/srv/Kill.idl
[41.112s] -- Installing: /home/henrique/Ros2tb3_ws/install/turtlesim/share/turtlesim/srv/SetPen.idl
[41.112s] -- Installing: /home/henrique/Ros2tb3_ws/install/turtlesim/share/turtlesim/srv/Spawn.idl
[41.113s] -- Installing: /home/henrique/Ros2tb3_ws/install/turtlesim/share/turtlesim/srv/TeleportAbsolute.idl
[41.113s] -- Installing: /home/henrique/Ros2tb3_ws/install/turtlesim/share/turtlesim/srv/TeleportRelative.idl
[41.113s] -- Installing: /home/henrique/Ros2tb3_ws/install/turtlesim/share/turtlesim/action/RotateAbsolute.action
[41.113s] -- Installing: /home/henrique/Ros2tb3_ws/install/turtlesim/share/turtlesim/msg/Color.msg
[41.113s] -- Installing: /home/henrique/Ros2tb3_ws/install/turtlesim/share/turtlesim/msg/Pose.msg
[41.114s] -- Installing: /home/henrique/Ros2tb3_ws/install/turtlesim/share/turtlesim/srv/Kill.srv
[41.114s] -- Installing: /home/henrique/Ros2tb3_ws/install/turtlesim/share/turtlesim/srv/Kill_Request.msg
[41.114s] -- Installing: /home/henrique/Ros2tb3_ws/install/turtlesim/share/turtlesim/srv/Kill_Response.msg
[41.114s] -- Installing: /home/henrique/Ros2tb3_ws/install/turtlesim/share/turtlesim/srv/SetPen.srv
[41.114s] -- Installing: /home/henrique/Ros2tb3_ws/install/turtlesim/share/turtlesim/srv/SetPen_Request.msg
[41.114s] -- Installing: /home/henrique/Ros2tb3_ws/install/turtlesim/share/turtlesim/srv/SetPen_Response.msg
[41.115s] -- Installing: /home/henrique/Ros2tb3_ws/install/turtlesim/share/turtlesim/srv/Spawn.srv
[41.115s] -- Installing: /home/henrique/Ros2tb3_ws/install/turtlesim/share/turtlesim/srv/Spawn_Request.msg
[41.115s] -- Installing: /home/henrique/Ros2tb3_ws/install/turtlesim/share/turtlesim/srv/Spawn_Response.msg
[41.115s] -- Installing: /home/henrique/Ros2tb3_ws/install/turtlesim/share/turtlesim/srv/TeleportAbsolute.srv
[41.116s] -- Installing: /home/henrique/Ros2tb3_ws/install/turtlesim/share/turtlesim/srv/TeleportAbsolute_Request.msg
[41.116s] -- Installing: /home/henrique/Ros2tb3_ws/install/turtlesim/share/turtlesim/srv/TeleportAbsolute_Response.msg
[41.116s] -- Installing: /home/henrique/Ros2tb3_ws/install/turtlesim/share/turtlesim/srv/TeleportRelative.srv
[41.116s] -- Installing: /home/henrique/Ros2tb3_ws/install/turtlesim/share/turtlesim/srv/TeleportRelative_Request.msg
[41.117s] -- Installing: /home/henrique/Ros2tb3_ws/install/turtlesim/share/turtlesim/srv/TeleportRelative_Response.msg
[41.117s] -- Installing: /home/henrique/Ros2tb3_ws/install/turtlesim/lib/turtlesim/turtlesim_node
[41.122s] -- Set runtime path of "/home/henrique/Ros2tb3_ws/install/turtlesim/lib/turtlesim/turtlesim_node" to ""
[41.122s] -- Installing: /home/henrique/Ros2tb3_ws/install/turtlesim/lib/turtlesim/turtle_teleop_key
[41.124s] -- Set runtime path of "/home/henrique/Ros2tb3_ws/install/turtlesim/lib/turtlesim/turtle_teleop_key" to ""
[41.124s] -- Installing: /home/henrique/Ros2tb3_ws/install/turtlesim/lib/turtlesim/draw_square
[41.127s] -- Set runtime path of "/home/henrique/Ros2tb3_ws/install/turtlesim/lib/turtlesim/draw_square" to ""
[41.127s] -- Installing: /home/henrique/Ros2tb3_ws/install/turtlesim/lib/turtlesim/mimic
[41.129s] -- Set runtime path of "/home/henrique/Ros2tb3_ws/install/turtlesim/lib/turtlesim/mimic" to ""
[41.129s] -- Installing: /home/henrique/Ros2tb3_ws/install/turtlesim/share/turtlesim/images
[41.129s] -- Installing: /home/henrique/Ros2tb3_ws/install/turtlesim/share/turtlesim/images/bouncy.png
[41.129s] -- Installing: /home/henrique/Ros2tb3_ws/install/turtlesim/share/turtlesim/images/dashing.png
[41.130s] -- Installing: /home/henrique/Ros2tb3_ws/install/turtlesim/share/turtlesim/images/crystal.png
[41.130s] -- Installing: /home/henrique/Ros2tb3_ws/install/turtlesim/share/turtlesim/images/ardent.png
[41.137s] -- Installing: /home/henrique/Ros2tb3_ws/install/turtlesim/share/turtlesim/images/eloquent.png
[41.137s] -- Installing: /home/henrique/Ros2tb3_ws/install/turtlesim/share/turtlesim/images/foxy.png
[41.138s] -- Installing: /home/henrique/Ros2tb3_ws/install/turtlesim/share/turtlesim/launch
[41.138s] -- Installing: /home/henrique/Ros2tb3_ws/install/turtlesim/share/turtlesim/launch/multisim.launch.py
[41.138s] -- Installing: /home/henrique/Ros2tb3_ws/install/turtlesim/share/ament_index/resource_index/package_run_dependencies/turtlesim
[41.156s] -- Installing: /home/henrique/Ros2tb3_ws/install/turtlesim/share/ament_index/resource_index/parent_prefix_path/turtlesim
[41.156s] -- Installing: /home/henrique/Ros2tb3_ws/install/turtlesim/share/turtlesim/environment/ament_prefix_path.sh
[41.174s] -- Installing: /home/henrique/Ros2tb3_ws/install/turtlesim/share/turtlesim/environment/ament_prefix_path.dsv
[41.194s] -- Installing: /home/henrique/Ros2tb3_ws/install/turtlesim/share/turtlesim/environment/path.sh
[41.195s] -- Installing: /home/henrique/Ros2tb3_ws/install/turtlesim/share/turtlesim/environment/path.dsv
[41.195s] -- Installing: /home/henrique/Ros2tb3_ws/install/turtlesim/share/turtlesim/local_setup.bash
[41.196s] -- Installing: /home/henrique/Ros2tb3_ws/install/turtlesim/share/turtlesim/local_setup.sh
[41.196s] -- Installing: /home/henrique/Ros2tb3_ws/install/turtlesim/share/turtlesim/local_setup.zsh
[41.206s] -- Installing: /home/henrique/Ros2tb3_ws/install/turtlesim/share/turtlesim/local_setup.dsv
[41.206s] -- Installing: /home/henrique/Ros2tb3_ws/install/turtlesim/share/turtlesim/package.dsv
[41.207s] -- Installing: /home/henrique/Ros2tb3_ws/install/turtlesim/share/ament_index/resource_index/packages/turtlesim
[41.208s] -- Installing: /home/henrique/Ros2tb3_ws/install/turtlesim/share/turtlesim/cmake/turtlesim__rosidl_generator_cExport.cmake
[41.217s] -- Installing: /home/henrique/Ros2tb3_ws/install/turtlesim/share/turtlesim/cmake/turtlesim__rosidl_generator_cExport-noconfig.cmake
[41.217s] -- Installing: /home/henrique/Ros2tb3_ws/install/turtlesim/share/turtlesim/cmake/turtlesim__rosidl_typesupport_introspection_cExport.cmake
[41.218s] -- Installing: /home/henrique/Ros2tb3_ws/install/turtlesim/share/turtlesim/cmake/turtlesim__rosidl_typesupport_introspection_cExport-noconfig.cmake
[41.237s] -- Installing: /home/henrique/Ros2tb3_ws/install/turtlesim/share/turtlesim/cmake/turtlesim__rosidl_typesupport_cExport.cmake
[41.237s] -- Installing: /home/henrique/Ros2tb3_ws/install/turtlesim/share/turtlesim/cmake/turtlesim__rosidl_typesupport_cExport-noconfig.cmake
[41.238s] -- Installing: /home/henrique/Ros2tb3_ws/install/turtlesim/share/turtlesim/cmake/turtlesim__rosidl_generator_cppExport.cmake
[41.239s] -- Installing: /home/henrique/Ros2tb3_ws/install/turtlesim/share/turtlesim/cmake/turtlesim__rosidl_typesupport_introspection_cppExport.cmake
[41.240s] -- Installing: /home/henrique/Ros2tb3_ws/install/turtlesim/share/turtlesim/cmake/turtlesim__rosidl_typesupport_introspection_cppExport-noconfig.cmake
[41.251s] -- Installing: /home/henrique/Ros2tb3_ws/install/turtlesim/share/turtlesim/cmake/turtlesim__rosidl_typesupport_cppExport.cmake
[41.267s] -- Installing: /home/henrique/Ros2tb3_ws/install/turtlesim/share/turtlesim/cmake/turtlesim__rosidl_typesupport_cppExport-noconfig.cmake
[41.268s] -- Installing: /home/henrique/Ros2tb3_ws/install/turtlesim/share/turtlesim/cmake/rosidl_cmake-extras.cmake
[41.268s] -- Installing: /home/henrique/Ros2tb3_ws/install/turtlesim/share/turtlesim/cmake/ament_cmake_export_dependencies-extras.cmake
[41.292s] -- Installing: /home/henrique/Ros2tb3_ws/install/turtlesim/share/turtlesim/cmake/ament_cmake_export_libraries-extras.cmake
[41.314s] -- Installing: /home/henrique/Ros2tb3_ws/install/turtlesim/share/turtlesim/cmake/ament_cmake_export_targets-extras.cmake
[41.315s] -- Installing: /home/henrique/Ros2tb3_ws/install/turtlesim/share/turtlesim/cmake/ament_cmake_export_include_directories-extras.cmake
[41.315s] -- Installing: /home/henrique/Ros2tb3_ws/install/turtlesim/share/turtlesim/cmake/rosidl_cmake_export_typesupport_libraries-extras.cmake
[41.316s] -- Installing: /home/henrique/Ros2tb3_ws/install/turtlesim/share/turtlesim/cmake/rosidl_cmake_export_typesupport_targets-extras.cmake
[41.316s] -- Installing: /home/henrique/Ros2tb3_ws/install/turtlesim/share/turtlesim/cmake/turtlesimConfig.cmake
[41.317s] -- Installing: /home/henrique/Ros2tb3_ws/install/turtlesim/share/turtlesim/cmake/turtlesimConfig-version.cmake
[41.317s] -- Installing: /home/henrique/Ros2tb3_ws/install/turtlesim/share/turtlesim/package.xml
[41.334s] Invoked command in '/home/henrique/Ros2tb3_ws/build/turtlesim' returned '0': CMAKE_PREFIX_PATH=/opt/ros/foxy /usr/bin/cmake --install /home/henrique/Ros2tb3_ws/build/turtlesim
